yarn run v1.22.10
$ yarn workspace @tomic/data-browser start
$ snowpack dev
[12:49:44] [snowpack] Ready!
[12:49:44] [snowpack] Server started in 32ms.
[12:49:44] [snowpack] Local: http://localhost:8080
[12:49:44] [snowpack] Network: http://192.168.178.74:8080
[12:49:44] [snowpack] watching for file changes... 
[12:49:46] [eslint] 
[12:49:54] [eslint] /Users/joep/dev/src/github.com/joepio/atomic-data-browser/data-browser/src/components/ResourceContextMenu.tsx
  23:10  warning  'canWrite' is assigned a value but never used  @typescript-eslint/no-unused-vars

/Users/joep/dev/src/github.com/joepio/atomic-data-browser/data-browser/src/components/SideBar.tsx
    3:33  warning  'useStore' is defined but never used      @typescript-eslint/no-unused-vars
  163:26  warning  Unexpected any. Specify a different type  @typescript-eslint/no-explicit-any

/Users/joep/dev/src/github.com/joepio/atomic-data-browser/data-browser/src/components/Table.tsx
  3:10  warning  'useProperty' is defined but never used  @typescript-eslint/no-unused-vars
  4:10  warning  'Datatype' is defined but never used     @typescript-eslint/no-unused-vars

/Users/joep/dev/src/github.com/joepio/atomic-data-browser/data-browser/src/components/forms/ResourceForm.tsx
   12:3   warning  'useCanWrite' is defined but never used                                                                                         @typescript-eslint/no-unused-vars
   25:10  warning  'useSettings' is defined but never used                                                                                         @typescript-eslint/no-unused-vars
   26:10  warning  'useDebounce' is defined but never used                                                                                         @typescript-eslint/no-unused-vars
   98:6   warning  React Hook useEffect has a missing dependency: 'setResourceParent'. Either include it or remove the dependency array            react-hooks/exhaustive-deps
  121:6   warning  React Hook useEffect has missing dependencies: 'recommends' and 'requires'. Either include them or remove the dependency array  react-hooks/exhaustive-deps
  244:31  warning  '_setNewPropErr' is defined but never used                                                                                      @typescript-eslint/no-unused-vars
  289:7   warning  'AdvancedBlock' is assigned a value but never used                                                                              @typescript-eslint/no-unused-vars

/Users/joep/dev/src/github.com/joepio/atomic-data-browser/data-browser/src/routes/NewRoute.tsx
  95:6  warning  React Hook useEffect has missing dependencies: 'klassShortname', 'setNewSubject', and 'store'. Either include them or remove the dependency array  react-hooks/exhaustive-deps

/Users/joep/dev/src/github.com/joepio/atomic-data-browser/data-browser/src/routes/Routes.tsx
  2:10  warning  'Redirect' is defined but never used  @typescript-eslint/no-unused-vars

/Users/joep/dev/src/github.com/joepio/atomic-data-browser/data-browser/src/routes/SettingsAgent.tsx
  39:6  warning  React Hook React.useEffect has a missing dependency: 'fillAdvanced'. Either include it or remove the dependency array  react-hooks/exhaustive-deps
  44:6  warning  React Hook React.useEffect has a missing dependency: 'renewSecret'. Either include it or remove the dependency array   react-hooks/exhaustive-deps

/Users/joep/dev/src/github.com/joepio/atomic-data-browser/data-browser/src/views/DocumentPage.tsx
  43:6  warning  React Hook React.useEffect has missing dependencies: 'addElement' and 'elements.length'. Either include them or remove the dependency array     react-hooks/exhaustive-deps
  43:7  warning  React Hook React.useEffect has a complex expression in the dependency array. Extract it to a separate variable so it can be statically checked  react-hooks/exhaustive-deps

/Users/joep/dev/src/github.com/joepio/atomic-data-browser/data-browser/src/views/Element.tsx
  78:6  warning  React Hook React.useEffect has a missing dependency: 'text'. Either include it or remove the dependency array  react-hooks/exhaustive-deps

/Users/joep/dev/src/github.com/joepio/atomic-data-browser/data-browser/src/views/RedirectPage.tsx
  8:10  warning  'editURL' is defined but never used  @typescript-eslint/no-unused-vars

✖ 20 problems (0 errors, 20 warnings)
